Start testing: Oct 05 10:46 Iran Standard Time
----------------------------------------------------------
1/2 Testing: math_test
1/2 Test: math_test
Command: "D:/Desktop/embedded devops/embedded-week1-starter/build/test_math.exe"
Directory: D:/Desktop/embedded devops/embedded-week1-starter/build
"math_test" start time: Oct 05 10:46 Iran Standard Time
Output:
----------------------------------------------------------
D:/Desktop/embedded devops/embedded-week1-starter/tests/test_math.c:19:test_add_two_numbers:PASS
D:/Desktop/embedded devops/embedded-week1-starter/tests/test_math.c:20:test_subtract_two_numbers:PASS

-----------------------
2 Tests 0 Failures 0 Ignored 
OK
<end of output>
Test time =   0.06 sec
----------------------------------------------------------
Test Passed.
"math_test" end time: Oct 05 10:46 Iran Standard Time
"math_test" time elapsed: 00:00:00
----------------------------------------------------------

2/2 Testing: logic_test
2/2 Test: logic_test
Command: "D:/Desktop/embedded devops/embedded-week1-starter/build/test_logic.exe"
Directory: D:/Desktop/embedded devops/embedded-week1-starter/build
"logic_test" start time: Oct 05 10:46 Iran Standard Time
Output:
----------------------------------------------------------
D:/Desktop/embedded devops/embedded-week1-starter/tests/test_logic.c:16:test_is_even:PASS

-----------------------
1 Tests 0 Failures 0 Ignored 
OK
<end of output>
Test time =   0.06 sec
----------------------------------------------------------
Test Passed.
"logic_test" end time: Oct 05 10:46 Iran Standard Time
"logic_test" time elapsed: 00:00:00
----------------------------------------------------------

End testing: Oct 05 10:46 Iran Standard Time
